<?xml version="1.0" encoding="UTF-8"?>
<!-- Generated by org.testng.reporters.JUnitReportReporter -->
<testsuite hostname="LIN-PF1NYMNY" failures="0" tests="4" name="com.restAssureddemo.RestAssureddemo.reportsHtml" time="3.433" errors="0" timestamp="2024-05-22T13:08:25 IST" skipped="0">
  <testcase classname="com.restAssureddemo.RestAssureddemo.reportsHtml" name="addUser" time="2.107"/>
  <testcase classname="com.restAssureddemo.RestAssureddemo.reportsHtml" name="addUser" time="0.425"/>
  <testcase classname="com.restAssureddemo.RestAssureddemo.reportsHtml" name="addUser" time="0.441"/>
  <testcase classname="com.restAssureddemo.RestAssureddemo.reportsHtml" name="addUser" time="0.460"/>
</testsuite> <!-- com.restAssureddemo.RestAssureddemo.reportsHtml -->
