<?xml version="1.0" encoding="UTF-8"?>
<!-- Generated by org.testng.reporters.JUnitReportReporter -->
<testsuite hostname="LIN-PF1NYMNY" failures="0" tests="1" name="com.restAssureddemo.RestAssureddemo.GetuserListExceldata" time="3.976" errors="0" timestamp="2024-05-22T09:02:01 IST" skipped="0">
  <testcase classname="com.restAssureddemo.RestAssureddemo.GetuserListExceldata" name="createUser" time="3.976"/>
</testsuite> <!-- com.restAssureddemo.RestAssureddemo.GetuserListExceldata -->
