<?xml version="1.0" encoding="UTF-8"?>
<!-- Generated by org.testng.reporters.JUnitReportReporter -->
<testsuite hostname="LIN-PF1NYMNY" failures="0" tests="2" name="com.restAssureddemo.RestAssureddemo.Authorization" time="3.684" errors="0" timestamp="2024-05-23T00:18:48 IST" skipped="0">
  <testcase classname="com.restAssureddemo.RestAssureddemo.Authorization" name="auth" time="2.467"/>
  <testcase classname="com.restAssureddemo.RestAssureddemo.Authorization" name="generateToken" time="1.217"/>
</testsuite> <!-- com.restAssureddemo.RestAssureddemo.Authorization -->
