<?xml version="1.0" encoding="UTF-8"?>
<!-- Generated by org.testng.reporters.JUnitReportReporter -->
<testsuite hostname="LIN-PF1NYMNY" failures="0" tests="2" name="com.restAssureddemo.RestAssureddemo.testNG1" time="0.014" errors="0" timestamp="2024-05-16T17:53:57 IST" skipped="0">
  <testcase classname="com.restAssureddemo.RestAssureddemo.testNG1" name="show" time="0.002"/>
  <testcase classname="com.restAssureddemo.RestAssureddemo.testNG1" name="noshow" time="0.012"/>
</testsuite> <!-- com.restAssureddemo.RestAssureddemo.testNG1 -->
