<?xml version="1.0" encoding="UTF-8"?>
<!-- Generated by org.testng.reporters.JUnitReportReporter -->
<testsuite hostname="LIN-PF1NYMNY" failures="0" tests="1" name="com.restAssureddemo.RestAssureddemo.testNG2" time="0.006" errors="0" timestamp="2024-05-16T18:11:23 IST" skipped="0">
  <testcase classname="com.restAssureddemo.RestAssureddemo.testNG2" name="f" time="0.006"/>
</testsuite> <!-- com.restAssureddemo.RestAssureddemo.testNG2 -->
