<?xml version="1.0" encoding="UTF-8"?>
<!-- Generated by org.testng.reporters.JUnitReportReporter -->
<testsuite hostname="LIN-PF1NYMNY" failures="0" tests="4" name="com.restAssureddemo.RestAssureddemo.GetuserListExceldata2" time="3.967" errors="0" timestamp="2024-05-23T11:25:03 IST" skipped="0">
  <testcase classname="com.restAssureddemo.RestAssureddemo.GetuserListExceldata2" name="adddata" time="0.434"/>
  <testcase classname="com.restAssureddemo.RestAssureddemo.GetuserListExceldata2" name="adddata" time="0.485"/>
  <testcase classname="com.restAssureddemo.RestAssureddemo.GetuserListExceldata2" name="adddata" time="0.429"/>
  <testcase classname="com.restAssureddemo.RestAssureddemo.GetuserListExceldata2" name="adddata" time="2.619"/>
</testsuite> <!-- com.restAssureddemo.RestAssureddemo.GetuserListExceldata2 -->
