<?xml version="1.0" encoding="UTF-8"?>
<!-- Generated by org.testng.reporters.JUnitReportReporter -->
<testsuite hostname="LIN-PF1NYMNY" failures="0" tests="4" name="com.restAssureddemo.RestAssureddemo.htmlreportgen" time="4.334" errors="0" timestamp="2024-05-22T14:41:55 IST" skipped="0">
  <testcase classname="com.restAssureddemo.RestAssureddemo.htmlreportgen" name="addData" time="0.414"/>
  <testcase classname="com.restAssureddemo.RestAssureddemo.htmlreportgen" name="addData" time="0.527"/>
  <testcase classname="com.restAssureddemo.RestAssureddemo.htmlreportgen" name="addData" time="0.464"/>
  <testcase classname="com.restAssureddemo.RestAssureddemo.htmlreportgen" name="addData" time="2.929"/>
</testsuite> <!-- com.restAssureddemo.RestAssureddemo.htmlreportgen -->
